<?xml version="1.0" encoding="UTF-8"?>
<!-- Generated by org.testng.reporters.JUnitXMLReporter -->
<testsuite ignored="0" hostname="DESKTOP-1QPLDGA" failures="0" tests="4" name="Default test" time="2.772" errors="0" timestamp="2024-04-02T10:19:24 CST">
  <testcase classname="com.unosquare.TestReqres" name="f_Gherkin_delete" time="1.329"/>
  <testcase classname="com.unosquare.TestReqres" name="f_Gherkin_get" time="0.537"/>
  <testcase classname="com.unosquare.TestReqres" name="f_Gherkin_post" time="0.424"/>
  <testcase classname="com.unosquare.TestReqres" name="f_Gherkin_post2" time="0.449"/>
</testsuite> <!-- Default test -->
