<?xml version="1.0" encoding="UTF-8"?>
<!-- Generated by org.testng.reporters.JUnitXMLReporter -->
<testsuite ignored="0" hostname="DESKTOP-1QPLDGA" failures="0" tests="4" name="Default test" time="3.025" errors="0" timestamp="2024-04-08T15:29:09 CST">
  <testcase classname="com.unosquare.TestReqres" name="f_Gherkin_delete" time="1.528"/>
  <testcase classname="com.unosquare.TestReqres" name="f_Gherkin_get" time="0.517"/>
  <testcase classname="com.unosquare.TestReqres" name="f_Gherkin_post" time="0.493"/>
  <testcase classname="com.unosquare.TestReqres" name="f_Gherkin_post_register" time="0.455"/>
</testsuite> <!-- Default test -->
