<?xml version="1.0" encoding="UTF-8"?>
<testng-results ignored="0" total="1" passed="1" failed="0" skipped="0">
  <reporter-output>
    <line>
      <![CDATA[Sucess 200 validation]]>
    </line>
    <line>
      <![CDATA[Response is: {"copyright":"\nPhil Hart\n","date":"2024-04-02","explanation":"Only in the fleeting darkness of a total solar eclipse is the light of the solar corona easily visible. Normally overwhelmed by the bright solar disk, the expansive corona, the sun's outer atmosphere, is an alluring sight. But the subtle details and extreme ranges in the corona's brightness, although discernible to the eye, are notoriously difficult to photograph. Pictured here, however, using multiple images and digital processing, is a detailed image of the Sun's corona taken during the April 20, 2023 total solar eclipse from Exmouth, Australia. Clearly visible are intricate layers and glowing caustics of an ever changing mixture of hot gas and magnetic fields. Bright looping prominences appear pink just around the Sun's limb. A similar solar corona might be visible through clear skies in a narrow swath across the North America during the total solar eclipse that occurs just six days from today  NASA Coverage: Total Solar Eclipse of 2024 April 8","hdurl":"https://apod.nasa.gov/apod/image/2404/CoronaExmouth_Hart_1920.jpg","media_type":"image","service_version":"v1","title":"Detailed View of a Solar Eclipse Corona","url":"https://apod.nasa.gov/apod/image/2404/CoronaExmouth_Hart_1080.jpg"}
]]>
    </line>
  </reporter-output>
  <suite started-at="2024-04-02T12:59:49 CST" name="Default suite" finished-at="2024-04-02T12:59:50 CST" duration-ms="1547">
    <groups>
    </groups>
    <test started-at="2024-04-02T12:59:49 CST" name="Default test" finished-at="2024-04-02T12:59:50 CST" duration-ms="1547">
      <class name="com.unosquare.NasaTestApi">
        <test-method is-config="true" signature="beforeMethod()[pri:0, instance:com.unosquare.NasaTestApi@57c758ac]" started-at="2024-04-02T12:59:49 CST" name="beforeMethod" finished-at="2024-04-02T12:59:49 CST" duration-ms="3" status="PASS">
          <reporter-output>
          </reporter-output>
        </test-method> <!-- beforeMethod -->
        <test-method signature="f_Gherkin_get()[pri:0, instance:com.unosquare.NasaTestApi@57c758ac]" started-at="2024-04-02T12:59:49 CST" name="f_Gherkin_get" finished-at="2024-04-02T12:59:50 CST" duration-ms="1521" status="PASS">
          <reporter-output>
            <line>
              <![CDATA[Sucess 200 validation]]>
            </line>
            <line>
              <![CDATA[Response is: {"copyright":"\nPhil Hart\n","date":"2024-04-02","explanation":"Only in the fleeting darkness of a total solar eclipse is the light of the solar corona easily visible. Normally overwhelmed by the bright solar disk, the expansive corona, the sun's outer atmosphere, is an alluring sight. But the subtle details and extreme ranges in the corona's brightness, although discernible to the eye, are notoriously difficult to photograph. Pictured here, however, using multiple images and digital processing, is a detailed image of the Sun's corona taken during the April 20, 2023 total solar eclipse from Exmouth, Australia. Clearly visible are intricate layers and glowing caustics of an ever changing mixture of hot gas and magnetic fields. Bright looping prominences appear pink just around the Sun's limb. A similar solar corona might be visible through clear skies in a narrow swath across the North America during the total solar eclipse that occurs just six days from today  NASA Coverage: Total Solar Eclipse of 2024 April 8","hdurl":"https://apod.nasa.gov/apod/image/2404/CoronaExmouth_Hart_1920.jpg","media_type":"image","service_version":"v1","title":"Detailed View of a Solar Eclipse Corona","url":"https://apod.nasa.gov/apod/image/2404/CoronaExmouth_Hart_1080.jpg"}
]]>
            </line>
          </reporter-output>
        </test-method> <!-- f_Gherkin_get -->
      </class> <!-- com.unosquare.NasaTestApi -->
    </test> <!-- Default test -->
  </suite> <!-- Default suite -->
</testng-results>
