<?xml version="1.0" encoding="UTF-8"?>
<testng-results ignored="0" total="4" passed="4" failed="0" skipped="0">
  <reporter-output>
    <line>
      <![CDATA[Sucess 204 validation]]>
    </line>
    <line>
      <![CDATA[Response is: ]]>
    </line>
    <line>
      <![CDATA[Sucess 200 validation]]>
    </line>
    <line>
      <![CDATA[Response is: {"data":{"id":2,"email":"janet.weaver@reqres.in","first_name":"Janet","last_name":"Weaver","avatar":"https://reqres.in/img/faces/2-image.jpg"},"support":{"url":"https://reqres.in/#support-heading","text":"To keep ReqRes free, contributions towards server costs are appreciated!"}}]]>
    </line>
    <line>
      <![CDATA[Sucess 201 validation]]>
    </line>
    <line>
      <![CDATA[Response is: {"name":"angel","job":"leader","id":"587","createdAt":"2024-04-02T16:19:25.427Z"}]]>
    </line>
    <line>
      <![CDATA[Sucess 201 validation]]>
    </line>
    <line>
      <![CDATA[Response is: {"id":4,"token":"QpwL5tke4Pnpja7X4"}]]>
    </line>
  </reporter-output>
  <suite started-at="2024-04-02T10:19:21 CST" name="Default suite" finished-at="2024-04-02T10:19:24 CST" duration-ms="2772">
    <groups>
    </groups>
    <test started-at="2024-04-02T10:19:21 CST" name="Default test" finished-at="2024-04-02T10:19:24 CST" duration-ms="2772">
      <class name="com.unosquare.TestReqres">
        <test-method is-config="true" signature="beforeMethod()[pri:0, instance:com.unosquare.TestReqres@e056f20]" started-at="2024-04-02T10:19:21 CST" name="beforeMethod" finished-at="2024-04-02T10:19:21 CST" duration-ms="4" status="PASS">
          <reporter-output>
          </reporter-output>
        </test-method> <!-- beforeMethod -->
        <test-method is-config="true" signature="beforeMethod2()[pri:0, instance:com.unosquare.TestReqres@e056f20]" started-at="2024-04-02T10:19:21 CST" name="beforeMethod2" finished-at="2024-04-02T10:19:21 CST" duration-ms="0" status="PASS">
          <reporter-output>
          </reporter-output>
        </test-method> <!-- beforeMethod2 -->
        <test-method is-config="true" signature="beforeMethod3()[pri:0, instance:com.unosquare.TestReqres@e056f20]" started-at="2024-04-02T10:19:21 CST" name="beforeMethod3" finished-at="2024-04-02T10:19:21 CST" duration-ms="1" status="PASS">
          <reporter-output>
          </reporter-output>
        </test-method> <!-- beforeMethod3 -->
        <test-method signature="f_Gherkin_delete()[pri:0, instance:com.unosquare.TestReqres@e056f20]" started-at="2024-04-02T10:19:21 CST" name="f_Gherkin_delete" finished-at="2024-04-02T10:19:23 CST" duration-ms="1329" status="PASS">
          <reporter-output>
            <line>
              <![CDATA[Sucess 204 validation]]>
            </line>
            <line>
              <![CDATA[Response is: ]]>
            </line>
          </reporter-output>
        </test-method> <!-- f_Gherkin_delete -->
        <test-method is-config="true" signature="beforeMethod4()[pri:0, instance:com.unosquare.TestReqres@e056f20]" started-at="2024-04-02T10:19:21 CST" name="beforeMethod4" finished-at="2024-04-02T10:19:21 CST" duration-ms="0" status="PASS">
          <reporter-output>
          </reporter-output>
        </test-method> <!-- beforeMethod4 -->
        <test-method is-config="true" signature="beforeMethod2()[pri:0, instance:com.unosquare.TestReqres@e056f20]" started-at="2024-04-02T10:19:23 CST" name="beforeMethod2" finished-at="2024-04-02T10:19:23 CST" duration-ms="1" status="PASS">
          <reporter-output>
          </reporter-output>
        </test-method> <!-- beforeMethod2 -->
        <test-method is-config="true" signature="beforeMethod()[pri:0, instance:com.unosquare.TestReqres@e056f20]" started-at="2024-04-02T10:19:23 CST" name="beforeMethod" finished-at="2024-04-02T10:19:23 CST" duration-ms="0" status="PASS">
          <reporter-output>
          </reporter-output>
        </test-method> <!-- beforeMethod -->
        <test-method is-config="true" signature="beforeMethod4()[pri:0, instance:com.unosquare.TestReqres@e056f20]" started-at="2024-04-02T10:19:23 CST" name="beforeMethod4" finished-at="2024-04-02T10:19:23 CST" duration-ms="0" status="PASS">
          <reporter-output>
          </reporter-output>
        </test-method> <!-- beforeMethod4 -->
        <test-method is-config="true" signature="beforeMethod3()[pri:0, instance:com.unosquare.TestReqres@e056f20]" started-at="2024-04-02T10:19:23 CST" name="beforeMethod3" finished-at="2024-04-02T10:19:23 CST" duration-ms="0" status="PASS">
          <reporter-output>
          </reporter-output>
        </test-method> <!-- beforeMethod3 -->
        <test-method signature="f_Gherkin_get()[pri:0, instance:com.unosquare.TestReqres@e056f20]" started-at="2024-04-02T10:19:23 CST" name="f_Gherkin_get" finished-at="2024-04-02T10:19:23 CST" duration-ms="537" status="PASS">
          <reporter-output>
            <line>
              <![CDATA[Sucess 200 validation]]>
            </line>
            <line>
              <![CDATA[Response is: {"data":{"id":2,"email":"janet.weaver@reqres.in","first_name":"Janet","last_name":"Weaver","avatar":"https://reqres.in/img/faces/2-image.jpg"},"support":{"url":"https://reqres.in/#support-heading","text":"To keep ReqRes free, contributions towards server costs are appreciated!"}}]]>
            </line>
          </reporter-output>
        </test-method> <!-- f_Gherkin_get -->
        <test-method is-config="true" signature="beforeMethod()[pri:0, instance:com.unosquare.TestReqres@e056f20]" started-at="2024-04-02T10:19:23 CST" name="beforeMethod" finished-at="2024-04-02T10:19:23 CST" duration-ms="0" status="PASS">
          <reporter-output>
          </reporter-output>
        </test-method> <!-- beforeMethod -->
        <test-method is-config="true" signature="beforeMethod2()[pri:0, instance:com.unosquare.TestReqres@e056f20]" started-at="2024-04-02T10:19:23 CST" name="beforeMethod2" finished-at="2024-04-02T10:19:23 CST" duration-ms="1" status="PASS">
          <reporter-output>
          </reporter-output>
        </test-method> <!-- beforeMethod2 -->
        <test-method is-config="true" signature="beforeMethod3()[pri:0, instance:com.unosquare.TestReqres@e056f20]" started-at="2024-04-02T10:19:23 CST" name="beforeMethod3" finished-at="2024-04-02T10:19:23 CST" duration-ms="0" status="PASS">
          <reporter-output>
          </reporter-output>
        </test-method> <!-- beforeMethod3 -->
        <test-method is-config="true" signature="beforeMethod4()[pri:0, instance:com.unosquare.TestReqres@e056f20]" started-at="2024-04-02T10:19:23 CST" name="beforeMethod4" finished-at="2024-04-02T10:19:23 CST" duration-ms="0" status="PASS">
          <reporter-output>
          </reporter-output>
        </test-method> <!-- beforeMethod4 -->
        <test-method signature="f_Gherkin_post()[pri:0, instance:com.unosquare.TestReqres@e056f20]" started-at="2024-04-02T10:19:23 CST" name="f_Gherkin_post" finished-at="2024-04-02T10:19:24 CST" duration-ms="424" status="PASS">
          <reporter-output>
            <line>
              <![CDATA[Sucess 201 validation]]>
            </line>
            <line>
              <![CDATA[Response is: {"name":"angel","job":"leader","id":"587","createdAt":"2024-04-02T16:19:25.427Z"}]]>
            </line>
          </reporter-output>
        </test-method> <!-- f_Gherkin_post -->
        <test-method is-config="true" signature="beforeMethod3()[pri:0, instance:com.unosquare.TestReqres@e056f20]" started-at="2024-04-02T10:19:24 CST" name="beforeMethod3" finished-at="2024-04-02T10:19:24 CST" duration-ms="1" status="PASS">
          <reporter-output>
          </reporter-output>
        </test-method> <!-- beforeMethod3 -->
        <test-method is-config="true" signature="beforeMethod2()[pri:0, instance:com.unosquare.TestReqres@e056f20]" started-at="2024-04-02T10:19:24 CST" name="beforeMethod2" finished-at="2024-04-02T10:19:24 CST" duration-ms="0" status="PASS">
          <reporter-output>
          </reporter-output>
        </test-method> <!-- beforeMethod2 -->
        <test-method is-config="true" signature="beforeMethod()[pri:0, instance:com.unosquare.TestReqres@e056f20]" started-at="2024-04-02T10:19:24 CST" name="beforeMethod" finished-at="2024-04-02T10:19:24 CST" duration-ms="0" status="PASS">
          <reporter-output>
          </reporter-output>
        </test-method> <!-- beforeMethod -->
        <test-method signature="f_Gherkin_post2()[pri:0, instance:com.unosquare.TestReqres@e056f20]" started-at="2024-04-02T10:19:24 CST" name="f_Gherkin_post2" finished-at="2024-04-02T10:19:24 CST" duration-ms="449" status="PASS">
          <reporter-output>
            <line>
              <![CDATA[Sucess 201 validation]]>
            </line>
            <line>
              <![CDATA[Response is: {"id":4,"token":"QpwL5tke4Pnpja7X4"}]]>
            </line>
          </reporter-output>
        </test-method> <!-- f_Gherkin_post2 -->
        <test-method is-config="true" signature="beforeMethod4()[pri:0, instance:com.unosquare.TestReqres@e056f20]" started-at="2024-04-02T10:19:24 CST" name="beforeMethod4" finished-at="2024-04-02T10:19:24 CST" duration-ms="0" status="PASS">
          <reporter-output>
          </reporter-output>
        </test-method> <!-- beforeMethod4 -->
      </class> <!-- com.unosquare.TestReqres -->
    </test> <!-- Default test -->
  </suite> <!-- Default suite -->
</testng-results>
